[debug] [2020-04-23T05:50:40.289Z] ----------------------------------------------------------------------
[debug] [2020-04-23T05:50:40.292Z] Command:       C:\Program Files\nodejs\node.exe C:\Users\Wawing\AppData\Roaming\npm\node_modules\firebase-tools\lib\bin\firebase.js serve
[debug] [2020-04-23T05:50:40.293Z] CLI Version:   8.1.1
[debug] [2020-04-23T05:50:40.293Z] Platform:      win32
[debug] [2020-04-23T05:50:40.293Z] Node Version:  v10.15.1
[debug] [2020-04-23T05:50:40.294Z] Time:          Thu Apr 23 2020 12:50:40 GMT+0700 (Western Indonesia Time)
[debug] [2020-04-23T05:50:40.294Z] ----------------------------------------------------------------------
[debug] [2020-04-23T05:50:40.294Z] 
[debug] [2020-04-23T05:50:40.305Z] > command requires scopes: ["email","openid","https://www.googleapis.com/auth/cloudplatformprojects.readonly","https://www.googleapis.com/auth/firebase","https://www.googleapis.com/auth/cloud-platform"]
[debug] [2020-04-23T05:50:40.305Z] > authorizing via signed-in user
[debug] [2020-04-23T05:50:40.306Z] [iam] checking project react-firebase-modul-10 for permissions ["firebase.projects.get"]
[debug] [2020-04-23T05:50:40.310Z] >>> HTTP REQUEST POST https://cloudresourcemanager.googleapis.com/v1/projects/react-firebase-modul-10:testIamPermissions  
 {"permissions":["firebase.projects.get"]}
[debug] [2020-04-23T05:50:41.672Z] <<< HTTP RESPONSE 200 {"content-type":"application/json; charset=UTF-8","vary":"X-Origin, Referer, Origin,Accept-Encoding","date":"Thu, 23 Apr 2020 05:50:42 GMT","server":"ESF","cache-control":"private","x-xss-protection":"0","x-frame-options":"SAMEORIGIN","x-content-type-options":"nosniff","server-timing":"gfet4t7; dur=1197","alt-svc":"quic=\":443\"; ma=2592000; v=\"46,43\",h3-Q050=\":443\"; ma=2592000,h3-Q049=\":443\"; ma=2592000,h3-Q048=\":443\"; ma=2592000,h3-Q046=\":443\"; ma=2592000,h3-Q043=\":443\"; ma=2592000,h3-T050=\":443\"; ma=2592000","accept-ranges":"none","transfer-encoding":"chunked"}
[debug] [2020-04-23T05:50:41.676Z] >>> HTTP REQUEST GET https://firebase.googleapis.com/v1beta1/projects/react-firebase-modul-10  
 
[debug] [2020-04-23T05:50:41.985Z] <<< HTTP RESPONSE 200 {"content-type":"application/json; charset=UTF-8","vary":"X-Origin, Referer, Origin,Accept-Encoding","date":"Thu, 23 Apr 2020 05:50:43 GMT","server":"ESF","cache-control":"private","x-xss-protection":"0","x-frame-options":"SAMEORIGIN","x-content-type-options":"nosniff","alt-svc":"quic=\":443\"; ma=2592000; v=\"46,43\",h3-Q050=\":443\"; ma=2592000,h3-Q049=\":443\"; ma=2592000,h3-Q048=\":443\"; ma=2592000,h3-Q046=\":443\"; ma=2592000,h3-Q043=\":443\"; ma=2592000,h3-T050=\":443\"; ma=2592000","accept-ranges":"none","transfer-encoding":"chunked"}
[info] 
[info] === Serving from 'D:\Polinema\semester6\PBF\react-firebase-login'...
[info] 
[debug] [2020-04-23T05:50:41.996Z] >>> HTTP REQUEST GET https://firebase.googleapis.com/v1beta1/projects/react-firebase-modul-10/webApps/-/config  
 
[debug] [2020-04-23T05:50:43.105Z] <<< HTTP RESPONSE 200 {"content-type":"application/json; charset=UTF-8","vary":"X-Origin, Referer, Origin,Accept-Encoding","date":"Thu, 23 Apr 2020 05:50:44 GMT","server":"ESF","cache-control":"private","x-xss-protection":"0","x-frame-options":"SAMEORIGIN","x-content-type-options":"nosniff","alt-svc":"quic=\":443\"; ma=2592000; v=\"46,43\",h3-Q050=\":443\"; ma=2592000,h3-Q049=\":443\"; ma=2592000,h3-Q048=\":443\"; ma=2592000,h3-Q046=\":443\"; ma=2592000,h3-Q043=\":443\"; ma=2592000,h3-T050=\":443\"; ma=2592000","accept-ranges":"none","transfer-encoding":"chunked"}
[info] i  hosting: Serving hosting files from: public
[info] +  hosting: Local server: http://localhost:5000
